[[1;34mINFO[m] Scanning for projects...
[[1;34mINFO[m] 
[[1;34mINFO[m] [1m-----------------< [0;36mcom.inventario:sistema-inventario[0;1m >------------------[m
[[1;34mINFO[m] [1mBuilding Sistema de Inventario 1.0.0[m
[[1;34mINFO[m] [1m--------------------------------[ jar ]---------------------------------[m
[[1;34mINFO[m] 
[[1;34mINFO[m] [1m>>> [0;32mspring-boot-maven-plugin:4.0.2:run[m [1m(default-cli)[0;1m > [0;1mtest-compile[m @ [36msistema-inventario[0;1m >>>[m
[[1;34mINFO[m] 
[[1;34mINFO[m] [1m--- [0;32mmaven-resources-plugin:3.3.1:resources[m [1m(default-resources)[m @ [36msistema-inventario[0;1m ---[m
[[1;34mINFO[m] Copying 1 resource from src/main/resources to target/classes
[[1;34mINFO[m] Copying 0 resource from src/main/resources to target/classes
[[1;34mINFO[m] 
[[1;34mINFO[m] [1m--- [0;32mmaven-compiler-plugin:3.14.1:compile[m [1m(default-compile)[m @ [36msistema-inventario[0;1m ---[m
[[1;34mINFO[m] Nothing to compile - all classes are up to date.
[[1;34mINFO[m] 
[[1;34mINFO[m] [1m--- [0;32mmaven-resources-plugin:3.3.1:testResources[m [1m(default-testResources)[m @ [36msistema-inventario[0;1m ---[m
[[1;34mINFO[m] skip non existing resourceDirectory /home/juanpastrano/Documentos/Castores/API_CASTORES/castores/src/test/resources
[[1;34mINFO[m] 
[[1;34mINFO[m] [1m--- [0;32mmaven-compiler-plugin:3.14.1:testCompile[m [1m(default-testCompile)[m @ [36msistema-inventario[0;1m ---[m
[[1;34mINFO[m] Nothing to compile - all classes are up to date.
[[1;34mINFO[m] 
[[1;34mINFO[m] [1m<<< [0;32mspring-boot-maven-plugin:4.0.2:run[m [1m(default-cli)[0;1m < [0;1mtest-compile[m @ [36msistema-inventario[0;1m <<<[m
[[1;34mINFO[m] 
[[1;34mINFO[m] 
[[1;34mINFO[m] [1m--- [0;32mspring-boot-maven-plugin:4.0.2:run[m [1m(default-cli)[m @ [36msistema-inventario[0;1m ---[m
[[1;34mINFO[m] Attaching agents: []

  .   ____          _            __ _ _
 /\\ / ___'_ __ _ _(_)_ __  __ _ \ \ \ \
( ( )\___ | '_ | '_| | '_ \/ _` | \ \ \ \
 \\/  ___)| |_)| | | | | || (_| |  ) ) ) )
  '  |____| .__|_| |_|_| |_\__, | / / / /
 =========|_|==============|___/=/_/_/_/

 :: Spring Boot ::                (v4.0.2)

2026-02-10T01:37:18.413-06:00  INFO 91972 --- [  restartedMain] c.i.s.SistemaInventarioApplication       : Starting SistemaInventarioApplication using Java 21.0.10 with PID 91972 (/home/juanpastrano/Documentos/Castores/API_CASTORES/castores/target/classes started by juanpastrano in /home/juanpastrano/Documentos/Castores/API_CASTORES/castores)
2026-02-10T01:37:18.415-06:00 DEBUG 91972 --- [  restartedMain] c.i.s.SistemaInventarioApplication       : Running with Spring Boot v4.0.2, Spring v7.0.3
2026-02-10T01:37:18.415-06:00  INFO 91972 --- [  restartedMain] c.i.s.SistemaInventarioApplication       : No active profile set, falling back to 1 default profile: "default"
2026-02-10T01:37:18.449-06:00  INFO 91972 --- [  restartedMain] .e.DevToolsPropertyDefaultsPostProcessor : Devtools property defaults active! Set 'spring.devtools.add-properties' to 'false' to disable
2026-02-10T01:37:18.449-06:00  INFO 91972 --- [  restartedMain] .e.DevToolsPropertyDefaultsPostProcessor : For additional web related logging consider setting the 'logging.level.web' property to 'DEBUG'
2026-02-10T01:37:18.907-06:00  INFO 91972 --- [  restartedMain] .s.d.r.c.RepositoryConfigurationDelegate : Bootstrapping Spring Data JPA repositories in DEFAULT mode.
2026-02-10T01:37:18.951-06:00  INFO 91972 --- [  restartedMain] .s.d.r.c.RepositoryConfigurationDelegate : Finished Spring Data repository scanning in 38 ms. Found 7 JPA repository interfaces.
2026-02-10T01:37:19.389-06:00  INFO 91972 --- [  restartedMain] o.s.boot.tomcat.TomcatWebServer          : Tomcat initialized with port 8080 (http)
2026-02-10T01:37:19.400-06:00  INFO 91972 --- [  restartedMain] o.apache.catalina.core.StandardService   : Starting service [Tomcat]
2026-02-10T01:37:19.401-06:00  INFO 91972 --- [  restartedMain] o.apache.catalina.core.StandardEngine    : Starting Servlet engine: [Apache Tomcat/11.0.15]
2026-02-10T01:37:19.421-06:00  INFO 91972 --- [  restartedMain] b.w.c.s.WebApplicationContextInitializer : Root WebApplicationContext: initialization completed in 971 ms
2026-02-10T01:37:19.515-06:00  INFO 91972 --- [  restartedMain] org.hibernate.orm.jpa                    : HHH008540: Processing PersistenceUnitInfo [name: default]
2026-02-10T01:37:19.547-06:00  INFO 91972 --- [  restartedMain] org.hibernate.orm.core                   : HHH000001: Hibernate ORM core version 7.2.1.Final
2026-02-10T01:37:19.824-06:00  INFO 91972 --- [  restartedMain] o.s.o.j.p.SpringPersistenceUnitInfo      : No LoadTimeWeaver setup: ignoring JPA class transformer
2026-02-10T01:37:19.844-06:00  INFO 91972 --- [  restartedMain] com.zaxxer.hikari.HikariDataSource       : HikariPool-1 - Starting...
2026-02-10T01:37:19.945-06:00  INFO 91972 --- [  restartedMain] com.zaxxer.hikari.pool.HikariPool        : HikariPool-1 - Added connection com.mysql.cj.jdbc.ConnectionImpl@44831f0d
2026-02-10T01:37:19.946-06:00  INFO 91972 --- [  restartedMain] com.zaxxer.hikari.HikariDataSource       : HikariPool-1 - Start completed.
2026-02-10T01:37:19.981-06:00  WARN 91972 --- [  restartedMain] org.hibernate.orm.deprecation            : HHH90000025: MySQLDialect does not need to be specified explicitly using 'hibernate.dialect' (remove the property setting and it will be selected by default)
2026-02-10T01:37:19.993-06:00  INFO 91972 --- [  restartedMain] org.hibernate.orm.connections.pooling    : HHH10001005: Database info:
	Database JDBC URL [jdbc:mysql://localhost:3306/castores_db?useSSL=false&serverTimezone=America/Mexico_City&allowPublicKeyRetrieval=true]
	Database driver: MySQL Connector/J
	Database dialect: MySQLDialect
	Database version: 8.0.45
	Default catalog/schema: castores_db/undefined
	Autocommit mode: undefined/unknown
	Isolation level: REPEATABLE_READ [default REPEATABLE_READ]
	JDBC fetch size: none
	Pool: DataSourceConnectionProvider
	Minimum pool size: undefined/unknown
	Maximum pool size: undefined/unknown
2026-02-10T01:37:20.775-06:00  INFO 91972 --- [  restartedMain] org.hibernate.orm.core                   : HHH000489: No JTA platform available (set 'hibernate.transaction.jta.platform' to enable JTA platform integration)
2026-02-10T01:37:20.832-06:00  INFO 91972 --- [  restartedMain] j.LocalContainerEntityManagerFactoryBean : Initialized JPA EntityManagerFactory for persistence unit 'default'
2026-02-10T01:37:20.896-06:00  INFO 91972 --- [  restartedMain] o.s.d.j.r.query.QueryEnhancerFactories   : Hibernate is in classpath; If applicable, HQL parser will be used.
2026-02-10T01:37:21.400-06:00 DEBUG 91972 --- [  restartedMain] c.i.s.security.JwtAuthenticationFilter   : Filter 'jwtAuthenticationFilter' configured for use
2026-02-10T01:37:21.453-06:00  INFO 91972 --- [  restartedMain] r$InitializeUserDetailsManagerConfigurer : Global AuthenticationManager configured with UserDetailsService bean with name customUserDetailsService
2026-02-10T01:37:21.590-06:00  WARN 91972 --- [  restartedMain] JpaBaseConfiguration$JpaWebConfiguration : spring.jpa.open-in-view is enabled by default. Therefore, database queries may be performed during view rendering. Explicitly configure spring.jpa.open-in-view to disable this warning
2026-02-10T01:37:21.768-06:00 DEBUG 91972 --- [  restartedMain] o.s.s.web.DefaultSecurityFilterChain     : Will secure any request with filters: DisableEncodeUrlFilter, WebAsyncManagerIntegrationFilter, SecurityContextHolderFilter, HeaderWriterFilter, CorsFilter, LogoutFilter, JwtAuthenticationFilter, RequestCacheAwareFilter, SecurityContextHolderAwareRequestFilter, AnonymousAuthenticationFilter, SessionManagementFilter, ExceptionTranslationFilter, AuthorizationFilter
2026-02-10T01:37:22.269-06:00  INFO 91972 --- [  restartedMain] o.s.boot.tomcat.TomcatWebServer          : Tomcat started on port 8080 (http) with context path '/api'
2026-02-10T01:37:22.274-06:00  INFO 91972 --- [  restartedMain] c.i.s.SistemaInventarioApplication       : Started SistemaInventarioApplication in 4.12 seconds (process running for 4.426)
2026-02-10T01:37:30.482-06:00  INFO 91972 --- [nio-8080-exec-1] o.a.c.c.C.[Tomcat].[localhost].[/api]    : Initializing Spring DispatcherServlet 'dispatcherServlet'
2026-02-10T01:37:30.482-06:00  INFO 91972 --- [nio-8080-exec-1] o.s.web.servlet.DispatcherServlet        : Initializing Servlet 'dispatcherServlet'
2026-02-10T01:37:30.484-06:00  INFO 91972 --- [nio-8080-exec-1] o.s.web.servlet.DispatcherServlet        : Completed initialization in 1 ms
2026-02-10T01:37:30.491-06:00 DEBUG 91972 --- [nio-8080-exec-1] o.s.security.web.FilterChainProxy        : Securing GET /api/public/usuarios
2026-02-10T01:37:30.496-06:00 DEBUG 91972 --- [nio-8080-exec-1] o.s.s.w.a.AnonymousAuthenticationFilter  : Set SecurityContextHolder to anonymous SecurityContext
2026-02-10T01:37:30.497-06:00 DEBUG 91972 --- [nio-8080-exec-1] o.s.security.web.FilterChainProxy        : Secured GET /api/public/usuarios
Hibernate: 
    select
        u1_0.id_usuario,
        u1_0.activo,
        u1_0.email,
        u1_0.fecha_creacion,
        u1_0.fecha_modificacion,
        u1_0.nombre_completo,
        u1_0.password,
        u1_0.id_rol,
        u1_0.ultimo_acceso,
        u1_0.username 
    from
        usuarios u1_0 
    where
        u1_0.activo=true 
    order by
        u1_0.nombre_completo
2026-02-10T01:41:20.503-06:00 DEBUG 91972 --- [nio-8080-exec-2] o.s.security.web.FilterChainProxy        : Securing GET /actuator/health
2026-02-10T01:41:20.504-06:00 DEBUG 91972 --- [nio-8080-exec-2] o.s.s.w.a.AnonymousAuthenticationFilter  : Set SecurityContextHolder to anonymous SecurityContext
2026-02-10T01:41:20.505-06:00 DEBUG 91972 --- [nio-8080-exec-2] o.s.s.w.a.Http403ForbiddenEntryPoint     : Pre-authenticated entry point called. Rejecting access
2026-02-10T01:41:20.509-06:00 DEBUG 91972 --- [nio-8080-exec-2] o.s.security.web.FilterChainProxy        : Securing GET /error
2026-02-10T01:41:20.509-06:00 DEBUG 91972 --- [nio-8080-exec-2] o.s.security.web.FilterChainProxy        : Secured GET /error
2026-02-10T01:41:20.522-06:00 DEBUG 91972 --- [nio-8080-exec-2] o.s.s.w.a.AnonymousAuthenticationFilter  : Set SecurityContextHolder to anonymous SecurityContext
2026-02-10T01:41:23.322-06:00 DEBUG 91972 --- [nio-8080-exec-3] o.s.security.web.FilterChainProxy        : Securing GET /public/usuarios
2026-02-10T01:41:23.323-06:00 DEBUG 91972 --- [nio-8080-exec-3] o.s.s.w.a.AnonymousAuthenticationFilter  : Set SecurityContextHolder to anonymous SecurityContext
2026-02-10T01:41:23.323-06:00 DEBUG 91972 --- [nio-8080-exec-3] o.s.s.w.a.Http403ForbiddenEntryPoint     : Pre-authenticated entry point called. Rejecting access
2026-02-10T01:41:23.324-06:00 DEBUG 91972 --- [nio-8080-exec-3] o.s.security.web.FilterChainProxy        : Securing GET /error
2026-02-10T01:41:23.324-06:00 DEBUG 91972 --- [nio-8080-exec-3] o.s.security.web.FilterChainProxy        : Secured GET /error
2026-02-10T01:41:23.326-06:00 DEBUG 91972 --- [nio-8080-exec-3] o.s.s.w.a.AnonymousAuthenticationFilter  : Set SecurityContextHolder to anonymous SecurityContext
[[1;34mINFO[m] [1m------------------------------------------------------------------------[m
[[1;34mINFO[m] [1;31mBUILD FAILURE[m
[[1;34mINFO[m] [1m------------------------------------------------------------------------[m
[[1;34mINFO[m] Total time:  04:36 min
[[1;34mINFO[m] Finished at: 2026-02-10T01:41:53-06:00
[[1;34mINFO[m] [1m------------------------------------------------------------------------[m
[[1;31mERROR[m] Failed to execute goal [32morg.springframework.boot:spring-boot-maven-plugin:4.0.2:run[m [1m(default-cli)[m on project [36msistema-inventario[m: [1;31mProcess terminated with exit code: 137[m -> [1m[Help 1][m
[[1;31mERROR[m] 
[[1;31mERROR[m] To see the full stack trace of the errors, re-run Maven with the [1m-e[m switch.
[[1;31mERROR[m] Re-run Maven using the [1m-X[m switch to enable full debug logging.
[[1;31mERROR[m] 
[[1;31mERROR[m] For more information about the errors and possible solutions, please read the following articles:
[[1;31mERROR[m] [1m[Help 1][m http://cwiki.apache.org/confluence/display/MAVEN/MojoExecutionException
